\BOOKMARK [1][-]{section.1}{\376\377\003\206\003\303\003\272\003\267\003\303\003\267\000\040\0001\000:\000\040\003\225\003\273\003\265\003\263\003\272\003\304\003\256\003\302\000\040\003\210\003\272\003\306\003\301\003\261\003\303\003\267\003\302\000\040\003\274\003\265\000\040\003\243\003\304\003\277\003\257\003\262\003\261}{}% 1
\BOOKMARK [2][-]{subsection.1.1}{\376\377\003\225\003\272\003\306\003\316\003\275\003\267\003\303\003\267}{section.1}% 2
\BOOKMARK [2][-]{subsection.1.2}{\376\377\003\221\003\275\003\254\003\273\003\305\003\303\003\267}{section.1}% 3
\BOOKMARK [3][-]{subsubsection.1.2.1}{\376\377\003\243\003\315\003\263\003\272\003\301\003\271\003\303\003\267\000\040\003\245\003\273\003\277\003\300\003\277\003\271\003\256\003\303\003\265\003\311\003\275}{subsection.1.2}% 4
\BOOKMARK [2][-]{subsection.1.3}{\376\377\003\221\003\273\003\263\003\314\003\301\003\271\003\270\003\274\003\277\003\302}{section.1}% 5
\BOOKMARK [2][-]{subsection.1.4}{\376\377\003\245\003\273\003\277\003\300\003\277\003\257\003\267\003\303\003\267}{section.1}% 6
\BOOKMARK [2][-]{subsection.1.5}{\376\377\003\221\003\300\003\277\003\304\003\265\003\273\003\255\003\303\003\274\003\261\003\304\003\261\000\040\003\225\003\272\003\304\003\255\003\273\003\265\003\303\003\267\003\302}{section.1}% 7
\BOOKMARK [2][-]{subsection.1.6}{\376\377\003\243\003\305\003\274\003\300\003\265\003\301\003\254\003\303\003\274\003\261\003\304\003\261}{section.1}% 8
\BOOKMARK [1][-]{section.2}{\376\377\003\206\003\303\003\272\003\267\003\303\003\267\000\040\0002\000:\000\040\003\224\003\305\003\261\003\264\003\271\003\272\003\314\000\040\003\224\003\255\003\275\003\304\003\301\003\277\000\040\003\221\003\275\003\261\003\266\003\256\003\304\003\267\003\303\003\267\003\302\000\040\000\050\000B\000S\000T\000\051}{}% 9
\BOOKMARK [2][-]{subsection.2.1}{\376\377\003\225\003\272\003\306\003\316\003\275\003\267\003\303\003\267}{section.2}% 10
\BOOKMARK [2][-]{subsection.2.2}{\376\377\003\221\003\275\003\254\003\273\003\305\003\303\003\267}{section.2}% 11
\BOOKMARK [2][-]{subsection.2.3}{\376\377\003\243\003\315\003\263\003\272\003\301\003\271\003\303\003\267\000\040\003\245\003\273\003\277\003\300\003\277\003\271\003\256\003\303\003\265\003\311\003\275}{section.2}% 12
\BOOKMARK [3][-]{subsubsection.2.3.1}{\376\377\003\232\003\277\003\274\003\262\003\277\003\300\003\301\003\277\003\303\003\261\003\275\003\261\003\304\003\277\003\273\003\271\003\303\003\274\003\255\003\275\003\277\000\040\003\224\003\255\003\275\003\304\003\301\003\277\000\040\000\050\003\265\003\300\003\271\003\273\003\255\003\307\003\270\003\267\003\272\003\265\000\051}{subsection.2.3}% 13
\BOOKMARK [3][-]{subsubsection.2.3.2}{\376\377\003\246\003\305\003\273\003\273\003\277\003\300\003\301\003\277\003\303\003\261\003\275\003\261\003\304\003\277\003\273\003\271\003\303\003\274\003\255\003\275\003\277\000\040\003\224\003\255\003\275\003\304\003\301\003\277}{subsection.2.3}% 14
\BOOKMARK [2][-]{subsection.2.4}{\376\377\003\222\003\261\003\303\003\271\003\272\003\255\003\302\000\040\003\243\003\305\003\275\003\261\003\301\003\304\003\256\003\303\003\265\003\271\003\302}{section.2}% 15
\BOOKMARK [3][-]{subsubsection.2.4.1}{\376\377\003\221\003\275\003\261\003\266\003\256\003\304\003\267\003\303\003\267}{subsection.2.4}% 16
\BOOKMARK [3][-]{subsubsection.2.4.2}{\376\377\003\225\003\271\003\303\003\261\003\263\003\311\003\263\003\256}{subsection.2.4}% 17
\BOOKMARK [3][-]{subsubsection.2.4.3}{\376\377\003\224\003\271\003\261\003\263\003\301\003\261\003\306\003\256}{subsection.2.4}% 18
\BOOKMARK [2][-]{subsection.2.5}{\376\377\003\224\003\265\003\264\003\277\003\274\003\255\003\275\003\261\000\040\003\225\003\271\003\303\003\314\003\264\003\277\003\305}{section.2}% 19
\BOOKMARK [2][-]{subsection.2.6}{\376\377\003\221\003\300\003\277\003\304\003\265\003\273\003\255\003\303\003\274\003\261\003\304\003\261\000\040\003\225\003\272\003\304\003\255\003\273\003\265\003\303\003\267\003\302}{section.2}% 20
\BOOKMARK [2][-]{subsection.2.7}{\376\377\003\243\003\305\003\274\003\300\003\265\003\301\003\254\003\303\003\274\003\261\003\304\003\261}{section.2}% 21
\BOOKMARK [1][-]{section.3}{\376\377\003\206\003\303\003\272\003\267\003\303\003\267\000\040\0003\000:\000\040\003\224\003\271\003\261\003\300\003\265\003\301\003\254\003\303\003\265\003\271\003\302\000\040\003\224\003\305\003\261\003\264\003\271\003\272\003\277\003\315\000\040\003\224\003\255\003\275\003\304\003\301\003\277\003\305}{}% 22
\BOOKMARK [2][-]{subsection.3.1}{\376\377\003\225\003\272\003\306\003\316\003\275\003\267\003\303\003\267}{section.3}% 23
\BOOKMARK [2][-]{subsection.3.2}{\376\377\003\221\003\275\003\254\003\273\003\305\003\303\003\267}{section.3}% 24
\BOOKMARK [2][-]{subsection.3.3}{\376\377\003\224\003\271\003\261\003\300\003\255\003\301\003\261\003\303\003\267\000\040\003\272\003\261\003\304\003\254\000\040\003\225\003\300\003\257\003\300\003\265\003\264\003\261\000\040\000\050\000L\000e\000v\000e\000l\000\040\000O\000r\000d\000e\000r\000\040\000/\000\040\000B\000F\000S\000\051}{section.3}% 25
\BOOKMARK [3][-]{subsubsection.3.3.1}{\376\377\003\221\003\273\003\263\003\314\003\301\003\271\003\270\003\274\003\277\003\302}{subsection.3.3}% 26
\BOOKMARK [3][-]{subsubsection.3.3.2}{\376\377\003\245\003\273\003\277\003\300\003\277\003\257\003\267\003\303\003\267}{subsection.3.3}% 27
\BOOKMARK [2][-]{subsection.3.4}{\376\377\003\240\003\301\003\277\003\264\003\271\003\254\003\304\003\261\003\276\003\267\000\040\000\050\000P\000r\000e\000o\000r\000d\000e\000r\000\051}{section.3}% 28
\BOOKMARK [2][-]{subsection.3.5}{\376\377\003\234\003\265\003\304\003\261\003\264\003\271\003\254\003\304\003\261\003\276\003\267\000\040\000\050\000P\000o\000s\000t\000o\000r\000d\000e\000r\000\051}{section.3}% 29
\BOOKMARK [2][-]{subsection.3.6}{\376\377\003\245\003\273\003\277\003\300\003\277\003\257\003\267\003\303\003\267\000\040\003\237\003\305\003\301\003\254\003\302}{section.3}% 30
\BOOKMARK [3][-]{subsubsection.3.6.1}{\376\377\003\223\003\301\003\261\003\274\003\274\003\271\003\272\003\256\000\040\000v\000s\000\040\003\232\003\305\003\272\003\273\003\271\003\272\003\256\000\040\003\237\003\305\003\301\003\254}{subsection.3.6}% 31
\BOOKMARK [2][-]{subsection.3.7}{\376\377\003\221\003\300\003\277\003\304\003\265\003\273\003\255\003\303\003\274\003\261\003\304\003\261\000\040\003\225\003\272\003\304\003\255\003\273\003\265\003\303\003\267\003\302}{section.3}% 32
\BOOKMARK [2][-]{subsection.3.8}{\376\377\003\243\003\305\003\274\003\300\003\265\003\301\003\254\003\303\003\274\003\261\003\304\003\261}{section.3}% 33
\BOOKMARK [1][-]{section.4}{\376\377\003\206\003\303\003\272\003\267\003\303\003\267\000\040\0004\000:\000\040\003\216\003\310\003\277\003\302\000\040\003\272\003\261\003\271\000\040\003\222\003\254\003\270\003\277\003\302\000\040\003\224\003\305\003\261\003\264\003\271\003\272\003\277\003\315\000\040\003\224\003\255\003\275\003\304\003\301\003\277\003\305}{}% 34
\BOOKMARK [2][-]{subsection.4.1}{\376\377\003\225\003\272\003\306\003\316\003\275\003\267\003\303\003\267}{section.4}% 35
\BOOKMARK [2][-]{subsection.4.2}{\376\377\003\221\003\275\003\254\003\273\003\305\003\303\003\267}{section.4}% 36
\BOOKMARK [3][-]{subsubsection.4.2.1}{\376\377\003\216\003\310\003\277\003\302\000\040\003\224\003\255\003\275\003\304\003\301\003\277\003\305}{subsection.4.2}% 37
\BOOKMARK [3][-]{subsubsection.4.2.2}{\376\377\003\222\003\254\003\270\003\277\003\302\000\040\003\232\003\314\003\274\003\262\003\277\003\305}{subsection.4.2}% 38
\BOOKMARK [3][-]{subsubsection.4.2.3}{\376\377\003\243\003\307\003\255\003\303\003\267\000\040\003\216\003\310\003\277\003\305\003\302\000\040\003\272\003\261\003\271\000\040\003\222\003\254\003\270\003\277\003\305\003\302}{subsection.4.2}% 39
\BOOKMARK [2][-]{subsection.4.3}{\376\377\003\245\003\273\003\277\003\300\003\277\003\257\003\267\003\303\003\267}{section.4}% 40
\BOOKMARK [3][-]{subsubsection.4.3.1}{\376\377\003\216\003\310\003\277\003\302\000\040\003\224\003\255\003\275\003\304\003\301\003\277\003\305}{subsection.4.3}% 41
\BOOKMARK [3][-]{subsubsection.4.3.2}{\376\377\003\222\003\254\003\270\003\277\003\302\000\040\003\232\003\314\003\274\003\262\003\311\003\275}{subsection.4.3}% 42
\BOOKMARK [2][-]{subsection.4.4}{\376\377\003\224\003\265\003\264\003\277\003\274\003\255\003\275\003\261\000\040\003\225\003\271\003\303\003\314\003\264\003\277\003\305}{section.4}% 43
\BOOKMARK [2][-]{subsection.4.5}{\376\377\003\221\003\300\003\277\003\304\003\265\003\273\003\255\003\303\003\274\003\261\003\304\003\261\000\040\003\225\003\272\003\304\003\255\003\273\003\265\003\303\003\267\003\302}{section.4}% 44
\BOOKMARK [2][-]{subsection.4.6}{\376\377\003\243\003\305\003\274\003\300\003\265\003\301\003\254\003\303\003\274\003\261\003\304\003\261}{section.4}% 45
\BOOKMARK [1][-]{section.5}{\376\377\003\206\003\303\003\272\003\267\003\303\003\267\000\040\0005\000:\000\040\003\221\003\275\003\254\003\300\003\273\003\261\003\303\003\267\000\040\003\224\003\305\003\261\003\264\003\271\003\272\003\277\003\315\000\040\003\224\003\255\003\275\003\304\003\301\003\277\003\305\000\040\003\261\003\300\003\314\000\040\003\224\003\271\003\261\003\300\003\265\003\301\003\254\003\303\003\265\003\271\003\302}{}% 46
\BOOKMARK [2][-]{subsection.5.1}{\376\377\003\225\003\272\003\306\003\316\003\275\003\267\003\303\003\267}{section.5}% 47
\BOOKMARK [2][-]{subsection.5.2}{\376\377\003\230\003\265\003\311\003\301\003\267\003\304\003\271\003\272\003\256\000\040\003\221\003\275\003\254\003\273\003\305\003\303\003\267}{section.5}% 48
\BOOKMARK [3][-]{subsubsection.5.2.1}{\376\377\003\233\003\277\003\263\003\271\003\272\003\256\000\040\003\221\003\275\003\261\003\272\003\261\003\304\003\261\003\303\003\272\003\265\003\305\003\256\003\302}{subsection.5.2}% 49
\BOOKMARK [3][-]{subsubsection.5.2.2}{\376\377\003\240\003\261\003\301\003\254\003\264\003\265\003\271\003\263\003\274\003\261\000\040\003\247\003\265\003\271\003\301\003\277\003\272\003\257\003\275\003\267\003\304\003\267\003\302\000\040\003\221\003\275\003\261\003\272\003\261\003\304\003\261\003\303\003\272\003\265\003\305\003\256\003\302}{subsection.5.2}% 50
\BOOKMARK [2][-]{subsection.5.3}{\376\377\003\221\003\273\003\263\003\314\003\301\003\271\003\270\003\274\003\277\003\302\000\040\003\221\003\275\003\261\003\272\003\261\003\304\003\261\003\303\003\272\003\265\003\305\003\256\003\302\000\040\003\261\003\300\003\314\000\040\000P\000r\000e\000o\000r\000d\000e\000r\000\040\000+\000\040\000I\000n\000o\000r\000d\000e\000r}{section.5}% 51
\BOOKMARK [2][-]{subsection.5.4}{\376\377\003\221\003\273\003\263\003\314\003\301\003\271\003\270\003\274\003\277\003\302\000\040\003\221\003\275\003\261\003\272\003\261\003\304\003\261\003\303\003\272\003\265\003\305\003\256\003\302\000\040\003\261\003\300\003\314\000\040\000P\000o\000s\000t\000o\000r\000d\000e\000r\000\040\000+\000\040\000I\000n\000o\000r\000d\000e\000r}{section.5}% 52
\BOOKMARK [2][-]{subsection.5.5}{\376\377\003\225\003\300\003\271\003\262\003\265\003\262\003\261\003\257\003\311\003\303\003\267\000\040\003\237\003\301\003\270\003\314\003\304\003\267\003\304\003\261\003\302}{section.5}% 53
\BOOKMARK [2][-]{subsection.5.6}{\376\377\003\224\003\265\003\264\003\277\003\274\003\255\003\275\003\261\000\040\003\225\003\273\003\255\003\263\003\307\003\277\003\305\000\040\003\272\003\261\003\271\000\040\003\221\003\300\003\277\003\304\003\265\003\273\003\255\003\303\003\274\003\261\003\304\003\261}{section.5}% 54
\BOOKMARK [2][-]{subsection.5.7}{\376\377\003\243\003\305\003\274\003\300\003\265\003\301\003\254\003\303\003\274\003\261\003\304\003\261}{section.5}% 55
